生成启动时间为 2014/4/1 15:55:59。
     1>项目“F:\10projects\ScreenCapture\ScreenCapture\ScreenCapture\ScreenCapture.vcxproj”在节点 2 上(build 个目标)。
     1>InitializeBuildStatus:
         正在创建“Debug\ScreenCapture.unsuccessfulbuild”，因为已指定“AlwaysCreate”。
       ClCompile:
         C:\Program Files (x86)\Microsoft Visual Studio 10.0\VC\bin\CL.exe /c /ZI /nologo /W3 /WX- /Od /Oy- /D WIN32 /D _DEBUG /D _WINDOWS /D _UNICODE /D UNICODE /Gm /EHsc /RTC1 /MTd /GS /fp:precise /Zc:wchar_t /Zc:forScope /Fo"Debug\\" /Fd"Debug\vc100.pdb" /Gd /TP /analyze- /errorReport:prompt ScrnCapMain.cpp ScrnCapWnd.cpp
         ScrnCapMain.cpp
         正在生成代码...
         正在编译...
         ScrnCapWnd.cpp
         正在生成代码...
       ResourceCompile:
         所有输出均为最新。
       ManifestResourceCompile:
         所有输出均为最新。
       Link:
         C:\Program Files (x86)\Microsoft Visual Studio 10.0\VC\bin\link.exe /ERRORREPORT:PROMPT /OUT:"F:\10projects\ScreenCapture\ScreenCapture\Debug\ScreenCapture.exe" /INCREMENTAL /NOLOGO kernel32.lib user32.lib gdi32.lib winspool.lib comdlg32.lib advapi32.lib shell32.lib ole32.lib oleaut32.lib uuid.lib odbc32.lib odbccp32.lib /MANIFEST /ManifestFile:"Debug\ScreenCapture.exe.intermediate.manifest" /MANIFESTUAC:"level='asInvoker' uiAccess='false'" /DEBUG /PDB:"F:\10projects\ScreenCapture\ScreenCapture\Debug\ScreenCapture.pdb" /SUBSYSTEM:WINDOWS /TLBID:1 /DYNAMICBASE /NXCOMPAT /IMPLIB:"F:\10projects\ScreenCapture\ScreenCapture\Debug\ScreenCapture.lib" /MACHINE:X86 Debug\ScreenCapture.res
         Debug\ScreenCapture.exe.embed.manifest.res
         Debug\ColorWnd.obj
         Debug\DrawGraph.obj
         Debug\GlobalAPI.obj
         Debug\ScrnCapMain.obj
         Debug\ScrnCapWnd.obj
         Debug\stdafx.obj
         Debug\Toolbar.obj
         Debug\ToolWnd.obj
         Debug\WndImpl.obj
       Manifest:
         C:\Program Files (x86)\Microsoft SDKs\Windows\v7.0A\bin\mt.exe /nologo /verbose /out:"Debug\ScreenCapture.exe.embed.manifest" /manifest Debug\ScreenCapture.exe.intermediate.manifest
         所有输出均为最新。
       LinkEmbedManifest:
         所有输出均为最新。
         ScreenCapture.vcxproj -> F:\10projects\ScreenCapture\ScreenCapture\Debug\ScreenCapture.exe
       FinalizeBuildStatus:
         正在删除文件“Debug\ScreenCapture.unsuccessfulbuild”。
         正在对“Debug\ScreenCapture.lastbuildstate”执行 Touch 任务。
     1>已完成生成项目“F:\10projects\ScreenCapture\ScreenCapture\ScreenCapture\ScreenCapture.vcxproj”(build 个目标)的操作。

生成成功。

已用时间 00:00:03.68
