F:\10PROJECTS\SCREENCAPTURE\SCREENCAPTURE\DEBUG\SCREENCAPTURE.EXE
F:\10projects\ScreenCapture\ScreenCapture\Debug\ScreenCapture.exp
F:\10PROJECTS\SCREENCAPTURE\SCREENCAPTURE\DEBUG\SCREENCAPTURE.ILK
F:\10projects\ScreenCapture\ScreenCapture\Debug\ScreenCapture.lib
F:\10PROJECTS\SCREENCAPTURE\SCREENCAPTURE\DEBUG\SCREENCAPTURE.PDB
F:\10projects\ScreenCapture\ScreenCapture\ScreenCapture\Debug\cl.command.1.tlog
F:\10projects\ScreenCapture\ScreenCapture\ScreenCapture\Debug\CL.read.1.tlog
F:\10projects\ScreenCapture\ScreenCapture\ScreenCapture\Debug\CL.write.1.tlog
F:\10PROJECTS\SCREENCAPTURE\SCREENCAPTURE\SCREENCAPTURE\DEBUG\COLORWND.OBJ
F:\10PROJECTS\SCREENCAPTURE\SCREENCAPTURE\SCREENCAPTURE\DEBUG\DRAWGRAPH.OBJ
F:\10PROJECTS\SCREENCAPTURE\SCREENCAPTURE\SCREENCAPTURE\DEBUG\GLOBALAPI.OBJ
F:\10projects\ScreenCapture\ScreenCapture\ScreenCapture\Debug\link.3028.read.1.tlog
F:\10projects\ScreenCapture\ScreenCapture\ScreenCapture\Debug\link.3028.write.1.tlog
F:\10projects\ScreenCapture\ScreenCapture\ScreenCapture\Debug\link.3028-cvtres.read.1.tlog
F:\10projects\ScreenCapture\ScreenCapture\ScreenCapture\Debug\link.3028-cvtres.write.1.tlog
F:\10projects\ScreenCapture\ScreenCapture\ScreenCapture\Debug\link.command.1.tlog
F:\10projects\ScreenCapture\ScreenCapture\ScreenCapture\Debug\link.read.1.tlog
F:\10projects\ScreenCapture\ScreenCapture\ScreenCapture\Debug\link.write.1.tlog
F:\10projects\ScreenCapture\ScreenCapture\ScreenCapture\Debug\link-cvtres.read.1.tlog
F:\10projects\ScreenCapture\ScreenCapture\ScreenCapture\Debug\link-cvtres.write.1.tlog
F:\10projects\ScreenCapture\ScreenCapture\ScreenCapture\Debug\mt.command.1.tlog
F:\10projects\ScreenCapture\ScreenCapture\ScreenCapture\Debug\mt.read.1.tlog
F:\10projects\ScreenCapture\ScreenCapture\ScreenCapture\Debug\mt.write.1.tlog
F:\10projects\ScreenCapture\ScreenCapture\ScreenCapture\Debug\rc.command.1.tlog
F:\10projects\ScreenCapture\ScreenCapture\ScreenCapture\Debug\rc.read.1.tlog
F:\10projects\ScreenCapture\ScreenCapture\ScreenCapture\Debug\rc.write.1.tlog
F:\10PROJECTS\SCREENCAPTURE\SCREENCAPTURE\SCREENCAPTURE\DEBUG\SCREENCAPTURE.EXE.EMBED.MANIFEST
F:\10PROJECTS\SCREENCAPTURE\SCREENCAPTURE\SCREENCAPTURE\DEBUG\SCREENCAPTURE.EXE.EMBED.MANIFEST.RES
F:\10PROJECTS\SCREENCAPTURE\SCREENCAPTURE\SCREENCAPTURE\DEBUG\SCREENCAPTURE.EXE.INTERMEDIATE.MANIFEST
F:\10PROJECTS\SCREENCAPTURE\SCREENCAPTURE\SCREENCAPTURE\DEBUG\SCREENCAPTURE.RES
F:\10projects\ScreenCapture\ScreenCapture\ScreenCapture\Debug\ScreenCapture.write.1.tlog
F:\10projects\ScreenCapture\ScreenCapture\ScreenCapture\Debug\ScreenCapture_manifest.rc
F:\10PROJECTS\SCREENCAPTURE\SCREENCAPTURE\SCREENCAPTURE\DEBUG\SCRNCAPMAIN.OBJ
F:\10PROJECTS\SCREENCAPTURE\SCREENCAPTURE\SCREENCAPTURE\DEBUG\SCRNCAPWND.OBJ
F:\10PROJECTS\SCREENCAPTURE\SCREENCAPTURE\SCREENCAPTURE\DEBUG\STDAFX.OBJ
F:\10PROJECTS\SCREENCAPTURE\SCREENCAPTURE\SCREENCAPTURE\DEBUG\TOOLBAR.OBJ
F:\10PROJECTS\SCREENCAPTURE\SCREENCAPTURE\SCREENCAPTURE\DEBUG\TOOLWND.OBJ
F:\10projects\ScreenCapture\ScreenCapture\ScreenCapture\Debug\vc100.idb
F:\10PROJECTS\SCREENCAPTURE\SCREENCAPTURE\SCREENCAPTURE\DEBUG\VC100.PDB
F:\10PROJECTS\SCREENCAPTURE\SCREENCAPTURE\SCREENCAPTURE\DEBUG\WNDIMPL.OBJ
